<?xml version="1.0" encoding="UTF-8"?>
<!-- Generated by org.testng.reporters.JUnitReportReporter -->
<testsuite hostname="VIKASSAI03" failures="0" tests="1" name="org_testing_scripts_youtube.TC2" time="52.831" errors="0" timestamp="15 Dec 2018 15:23:04 GMT">
  <testcase classname="org_testing_scripts_youtube.TC2" name="testcase2" time="52.831"/>
</testsuite> <!-- org_testing_scripts_youtube.TC2 -->
