<?xml version="1.0" encoding="UTF-8"?>
<!-- Generated by org.testng.reporters.JUnitReportReporter -->
<testsuite hostname="VIKASSAI03" failures="0" tests="1" name="org_testing_scripts_youtube.TC1" time="53.982" errors="0" timestamp="16 Dec 2018 05:27:31 GMT">
  <testcase classname="org_testing_scripts_youtube.TC1" name="testcase1" time="53.982"/>
</testsuite> <!-- org_testing_scripts_youtube.TC1 -->
