<?xml version="1.0" encoding="UTF-8"?>
<!-- Generated by org.testng.reporters.JUnitReportReporter -->
<testsuite hostname="VIKASSAI03" failures="0" tests="1" name="org_testing_scripts_youtube.Testin" time="34.136" errors="0" timestamp="15 Dec 2018 14:25:21 GMT">
  <testcase classname="org_testing_scripts_youtube.Testin" name="testing" time="34.136"/>
</testsuite> <!-- org_testing_scripts_youtube.Testin -->
